<?xml version="1.0" encoding="UTF-8"?>
<!-- Generated by org.testng.reporters.JUnitXMLReporter -->
<testsuite ignored="0" hostname="DESKTOP-7VF61CC" failures="0" tests="2" name="Default test" time="64.278" errors="0" timestamp="02 Oct 2024 22:14:33 GMT">
  <testcase classname="saucedemosampletest.SauceDemoUITest" name="verifySortingByNameA_Z" time="0.281"/>
  <testcase classname="saucedemosampletest.SauceDemoUITest" name="verifySortingByNameZ_A" time="0.826"/>
</testsuite> <!-- Default test -->
