<?xml version="1.0" encoding="UTF-8"?>
<testng-results ignored="0" total="2" passed="2" failed="0" skipped="0">
  <reporter-output>
  </reporter-output>
  <suite started-at="2024-10-02T22:13:28Z" name="Default suite" finished-at="2024-10-02T22:14:33Z" duration-ms="64278">
    <groups>
    </groups>
    <test started-at="2024-10-02T22:13:28Z" name="Default test" finished-at="2024-10-02T22:14:33Z" duration-ms="64278">
      <class name="saucedemosampletest.SauceDemoUITest">
        <test-method is-config="true" signature="setUp()[pri:0, instance:saucedemosampletest.SauceDemoUITest@12591ac8]" started-at="2024-10-02T23:13:29Z" name="setUp" finished-at="2024-10-02T23:14:09Z" duration-ms="40409" status="PASS">
          <reporter-output>
          </reporter-output>
        </test-method> <!-- setUp -->
        <test-method signature="verifySortingByNameA_Z()[pri:1, instance:saucedemosampletest.SauceDemoUITest@12591ac8]" started-at="2024-10-02T23:14:09Z" name="verifySortingByNameA_Z" finished-at="2024-10-02T23:14:09Z" duration-ms="281" status="PASS">
          <reporter-output>
          </reporter-output>
        </test-method> <!-- verifySortingByNameA_Z -->
        <test-method is-config="true" signature="tearDown()[pri:0, instance:saucedemosampletest.SauceDemoUITest@12591ac8]" started-at="2024-10-02T23:14:09Z" name="tearDown" finished-at="2024-10-02T23:14:12Z" duration-ms="2373" status="PASS">
          <reporter-output>
          </reporter-output>
        </test-method> <!-- tearDown -->
        <test-method is-config="true" signature="setUp()[pri:0, instance:saucedemosampletest.SauceDemoUITest@12591ac8]" started-at="2024-10-02T23:14:12Z" name="setUp" finished-at="2024-10-02T23:14:31Z" duration-ms="19567" status="PASS">
          <reporter-output>
          </reporter-output>
        </test-method> <!-- setUp -->
        <test-method signature="verifySortingByNameZ_A()[pri:2, instance:saucedemosampletest.SauceDemoUITest@12591ac8]" started-at="2024-10-02T23:14:31Z" name="verifySortingByNameZ_A" finished-at="2024-10-02T23:14:32Z" duration-ms="826" status="PASS">
          <reporter-output>
          </reporter-output>
        </test-method> <!-- verifySortingByNameZ_A -->
        <test-method is-config="true" signature="tearDown()[pri:0, instance:saucedemosampletest.SauceDemoUITest@12591ac8]" started-at="2024-10-02T23:14:32Z" name="tearDown" finished-at="2024-10-02T23:14:33Z" duration-ms="771" status="PASS">
          <reporter-output>
          </reporter-output>
        </test-method> <!-- tearDown -->
      </class> <!-- saucedemosampletest.SauceDemoUITest -->
    </test> <!-- Default test -->
  </suite> <!-- Default suite -->
</testng-results>
